<?xml version="1.0" encoding="utf-8" standalone="no"?>
<!--This file represents the results of running a test suite-->
<test-results name="C:\Dev\EdwardsFoundation\JoanCEdwards.DAO\EdwardsFoundation.DataAccess.Tests\bin\Release\EdwardsFoundation.DataAccess.Tests.dll" total="2" errors="0" failures="0" not-run="0" inconclusive="0" ignored="0" skipped="0" invalid="0" date="2010-07-17" time="15:51:50">
  <environment nunit-version="2.5.5.10112" clr-version="2.0.50727.4927" os-version="Microsoft Windows NT 6.1.7600.0" platform="Win32NT" cwd="C:\Dev\EdwardsFoundation\JoanCEdwards.DAO\EdwardsFoundation.DataAccess.Tests\bin\Release" machine-name="PATRICKSULL8171" user="Administrator" user-domain="PATRICKSULL8171" />
  <culture-info current-culture="en-US" current-uiculture="en-US" />
  <test-suite type="Assembly" name="C:\Dev\EdwardsFoundation\JoanCEdwards.DAO\EdwardsFoundation.DataAccess.Tests\bin\Release\EdwardsFoundation.DataAccess.Tests.dll" executed="True" result="Success" success="True" time="1.575" asserts="0">
    <results>
      <test-suite type="Namespace" name="EdwardsFoundation" executed="True" result="Success" success="True" time="1.569" asserts="0">
        <results>
          <test-suite type="Namespace" name="DataAccess" executed="True" result="Success" success="True" time="1.569" asserts="0">
            <results>
              <test-suite type="Namespace" name="Tests" executed="True" result="Success" success="True" time="1.569" asserts="0">
                <results>
                  <test-suite type="TestFixture" name="UserTests" executed="True" result="Success" success="True" time="1.568" asserts="0">
                    <results>
                      <test-case name="EdwardsFoundation.DataAccess.Tests.UserTests.User_WhenSave_GetId" executed="True" result="Success" success="True" time="1.522" asserts="1" />
                      <test-case name="EdwardsFoundation.DataAccess.Tests.UserTests.User_WhenSave2_Get2ForSecondId" executed="True" result="Success" success="True" time="0.039" asserts="1" />
                    </results>
                  </test-suite>
                </results>
              </test-suite>
            </results>
          </test-suite>
        </results>
      </test-suite>
    </results>
  </test-suite>
</test-results>