<?xml version="1.0" encoding="utf-8" standalone="no"?>
<!--This file represents the results of running a test suite-->
<test-results name="C:\Dev\EdwardsFoundation\JoanCEdwards.DAO\EdwardsFoundation.DataAccess.Tests\bin\Release\EdwardsFoundation.DataAccess.Tests.dll" total="2" errors="0" failures="1" not-run="0" inconclusive="0" ignored="0" skipped="0" invalid="0" date="2010-07-17" time="16:59:19">
  <environment nunit-version="2.5.5.10112" clr-version="2.0.50727.4927" os-version="Microsoft Windows NT 6.1.7600.0" platform="Win32NT" cwd="C:\Dev\EdwardsFoundation\JoanCEdwards.DAO\EdwardsFoundation.DataAccess.Tests\bin\Release" machine-name="PATRICKSULL8171" user="Administrator" user-domain="PATRICKSULL8171" />
  <culture-info current-culture="en-US" current-uiculture="en-US" />
  <test-suite type="Assembly" name="C:\Dev\EdwardsFoundation\JoanCEdwards.DAO\EdwardsFoundation.DataAccess.Tests\bin\Release\EdwardsFoundation.DataAccess.Tests.dll" executed="True" result="Failure" success="False" time="3.535" asserts="0">
    <results>
      <test-suite type="Namespace" name="EdwardsFoundation" executed="True" result="Failure" success="False" time="3.530" asserts="0">
        <results>
          <test-suite type="Namespace" name="DataAccess" executed="True" result="Failure" success="False" time="3.530" asserts="0">
            <results>
              <test-suite type="Namespace" name="Tests" executed="True" result="Failure" success="False" time="3.530" asserts="0">
                <results>
                  <test-suite type="TestFixture" name="ExamSystemDataAccessTests" executed="True" result="Failure" success="False" time="3.529" asserts="0">
                    <results>
                      <test-case name="EdwardsFoundation.DataAccess.Tests.ExamSystemDataAccessTests.CreateUser_IsNotNull" executed="True" result="Success" success="True" time="2.883" asserts="1" />
                      <test-case name="EdwardsFoundation.DataAccess.Tests.ExamSystemDataAccessTests.CreateUser_WhenRead_IsFound" executed="True" result="Failure" success="False" time="0.639" asserts="5">
                        <failure>
                          <message><![CDATA[  Expected string length 2 but was 10. Strings differ at index 2.
  Expected: "gl"
  But was:  "gl        "
  -------------^
]]></message>
                          <stack-trace><![CDATA[at EdwardsFoundation.DataAccess.Tests.ExamSystemDataAccessTests.AssertThatUsersEqual(IUser expectedUser, IUser actualUser) in C:\Dev\EdwardsFoundation\JoanCEdwards.DAO\EdwardsFoundation.DataAccess.Tests\ExamSystemDataAccessTests.cs:line 43
at EdwardsFoundation.DataAccess.Tests.ExamSystemDataAccessTests.CreateUser_WhenRead_IsFound() in C:\Dev\EdwardsFoundation\JoanCEdwards.DAO\EdwardsFoundation.DataAccess.Tests\ExamSystemDataAccessTests.cs:line 34
]]></stack-trace>
                        </failure>
                      </test-case>
                    </results>
                  </test-suite>
                </results>
              </test-suite>
            </results>
          </test-suite>
        </results>
      </test-suite>
    </results>
  </test-suite>
</test-results>